<?xml version="1.0" encoding="UTF-8"?>
<testng-results skipped="0" failed="0" total="2" passed="2">
  <reporter-output>
  </reporter-output>
  <suite name="Default suite" duration-ms="82225" started-at="2019-04-21T10:26:58Z" finished-at="2019-04-21T10:28:20Z">
    <groups>
    </groups>
    <test name="Default test" duration-ms="82225" started-at="2019-04-21T10:26:58Z" finished-at="2019-04-21T10:28:20Z">
      <class name="com.qa.testcases.HomePageTest">
        <test-method status="PASS" signature="setup()[pri:0, instance:com.qa.testcases.HomePageTest@2752f6e2]" name="setup" is-config="true" duration-ms="38249" started-at="2019-04-21T15:56:58Z" finished-at="2019-04-21T15:57:36Z">
          <reporter-output>
          </reporter-output>
        </test-method> <!-- setup -->
        <test-method status="PASS" signature="verifyContactsLink()[pri:0, instance:com.qa.testcases.HomePageTest@2752f6e2]" name="verifyContactsLink" duration-ms="3252" started-at="2019-04-21T15:57:36Z" finished-at="2019-04-21T15:57:39Z">
          <reporter-output>
          </reporter-output>
        </test-method> <!-- verifyContactsLink -->
        <test-method status="PASS" signature="tearDown()[pri:0, instance:com.qa.testcases.HomePageTest@2752f6e2]" name="tearDown" is-config="true" duration-ms="993" started-at="2019-04-21T15:57:39Z" finished-at="2019-04-21T15:57:40Z">
          <reporter-output>
          </reporter-output>
        </test-method> <!-- tearDown -->
        <test-method status="PASS" signature="setup()[pri:0, instance:com.qa.testcases.HomePageTest@2752f6e2]" name="setup" is-config="true" duration-ms="37061" started-at="2019-04-21T15:57:40Z" finished-at="2019-04-21T15:58:18Z">
          <reporter-output>
          </reporter-output>
        </test-method> <!-- setup -->
        <test-method status="PASS" signature="verifyUserName()[pri:0, instance:com.qa.testcases.HomePageTest@2752f6e2]" name="verifyUserName" duration-ms="1662" started-at="2019-04-21T15:58:18Z" finished-at="2019-04-21T15:58:19Z">
          <reporter-output>
          </reporter-output>
        </test-method> <!-- verifyUserName -->
        <test-method status="PASS" signature="tearDown()[pri:0, instance:com.qa.testcases.HomePageTest@2752f6e2]" name="tearDown" is-config="true" duration-ms="977" started-at="2019-04-21T15:58:19Z" finished-at="2019-04-21T15:58:20Z">
          <reporter-output>
          </reporter-output>
        </test-method> <!-- tearDown -->
      </class> <!-- com.qa.testcases.HomePageTest -->
    </test> <!-- Default test -->
  </suite> <!-- Default suite -->
</testng-results>
